<?xml version="1.0" encoding="UTF-8"?>
<!-- Generated by org.testng.reporters.JUnitReportReporter -->
<testsuite skipped="2" hostname="DESKTOP-4PF73VM" name="com.training.sanity.tests.LoginTests" tests="6" failures="0" timestamp="19 May 2020 03:26:10 GMT" time="167.974" errors="0">
  <testcase name="VerifyMultiplecategory" time="21.154" classname="com.training.sanity.tests.LoginTests"/>
  <testcase name="VerifyMultiplecategory" time="50.476" classname="com.training.sanity.tests.LoginTests"/>
  <testcase name="VerifyMultiplecategory" time="56.522" classname="com.training.sanity.tests.LoginTests"/>
  <testcase name="VerifyMultiplecategory" time="39.822" classname="com.training.sanity.tests.LoginTests"/>
  <testcase name="VerifyAddProduct" classname="com.training.sanity.tests.LoginTests">
    <skipped/>
  </testcase> <!-- VerifyAddProduct -->
  <testcase name="VerifyCategoryinDB" classname="com.training.sanity.tests.LoginTests">
    <skipped/>
  </testcase> <!-- VerifyCategoryinDB -->
</testsuite> <!-- com.training.sanity.tests.LoginTests -->
