<?xml version="1.0" encoding="UTF-8"?>
<!-- Generated by org.testng.reporters.JUnitReportReporter -->
<testsuite skipped="3" hostname="DESKTOP-4PF73VM" name="com.training.regression.tests.LoginExcelTest" tests="7" failures="0" timestamp="22 May 2020 02:46:33 GMT" time="22.673" errors="0">
  <testcase name="loginDBTest" time="7.234" classname="com.training.regression.tests.LoginExcelTest"/>
  <testcase name="loginDBTest" time="4.708" classname="com.training.regression.tests.LoginExcelTest"/>
  <testcase name="loginDBTest" time="5.605" classname="com.training.regression.tests.LoginExcelTest"/>
  <testcase name="loginDBTest" time="5.126" classname="com.training.regression.tests.LoginExcelTest"/>
  <testcase name="VerifyAddProduct" classname="com.training.regression.tests.LoginExcelTest">
    <skipped/>
  </testcase> <!-- VerifyAddProduct -->
  <testcase name="VerifyMultiplecategory" classname="com.training.regression.tests.LoginExcelTest">
    <skipped/>
  </testcase> <!-- VerifyMultiplecategory -->
  <testcase name="VerifyCategoryinDB" classname="com.training.regression.tests.LoginExcelTest">
    <skipped/>
  </testcase> <!-- VerifyCategoryinDB -->
</testsuite> <!-- com.training.regression.tests.LoginExcelTest -->
