<?xml version="1.0" encoding="UTF-8"?>
<!-- Generated by org.testng.reporters.JUnitReportReporter -->
<testsuite skipped="0" hostname="DESKTOP-4PF73VM" name="com.training.regression.tests.LoginDBTest" tests="4" failures="0" timestamp="21 May 2020 06:28:07 GMT" time="16.678" errors="0">
  <testcase name="loginDBTest" time="5.448" classname="com.training.regression.tests.LoginDBTest"/>
  <testcase name="loginDBTest" time="3.753" classname="com.training.regression.tests.LoginDBTest"/>
  <testcase name="loginDBTest" time="3.727" classname="com.training.regression.tests.LoginDBTest"/>
  <testcase name="loginDBTest" time="3.750" classname="com.training.regression.tests.LoginDBTest"/>
</testsuite> <!-- com.training.regression.tests.LoginDBTest -->
