<?xml version="1.0" encoding="UTF-8"?>
<!-- Generated by org.testng.reporters.JUnitReportReporter -->
<testsuite skipped="2" hostname="DESKTOP-4PF73VM" name="com.training.sanity.tests.LoginTests" tests="5" failures="0" timestamp="15 May 2020 00:01:15 GMT" time="14.040" errors="0">
  <testcase name="validReturnSuccess" time="6.177" classname="com.training.sanity.tests.LoginTests"/>
  <testcase name="loginDenial" time="2.192" classname="com.training.sanity.tests.LoginTests"/>
  <testcase name="adminAllowsAddCategory" time="5.671" classname="com.training.sanity.tests.LoginTests"/>
  <testcase name="adminDeleteMultipleCategory" classname="com.training.sanity.tests.LoginTests">
    <skipped/>
  </testcase> <!-- adminDeleteMultipleCategory -->
  <testcase name="adminEditMetaTag" classname="com.training.sanity.tests.LoginTests">
    <skipped/>
  </testcase> <!-- adminEditMetaTag -->
</testsuite> <!-- com.training.sanity.tests.LoginTests -->
