<?xml version="1.0" encoding="UTF-8"?>
<!-- Generated by org.testng.reporters.JUnitReportReporter -->
<testsuite skipped="0" hostname="DESKTOP-4PF73VM" name="com.training.sanity.tests.LoginTests" tests="3" failures="0" timestamp="08 May 2020 00:07:06 GMT" time="20.185" errors="0">
  <testcase name="validOrderDetails" time="9.126" classname="com.training.sanity.tests.LoginTests"/>
  <testcase name="ModifyPersonalDetails" time="6.133" classname="com.training.sanity.tests.LoginTests"/>
  <testcase name="validPasswordChange" time="4.926" classname="com.training.sanity.tests.LoginTests"/>
</testsuite> <!-- com.training.sanity.tests.LoginTests -->
